<?xml version="1.0" encoding="UTF-8"?>
<!-- Generated by org.testng.reporters.JUnitXMLReporter -->
<testsuite hostname="welcoe-PC" name="Default test(failed)" tests="1" failures="1" timestamp="23 Jun 2021 12:08:11 GMT" time="0.103" errors="0">
  <testcase name="tc14" time="0.036" classname="SampleJune23.Trailone">
    <failure type="java.lang.AssertionError" message="expected [true] but found [false]">
      <![CDATA[java.lang.AssertionError: expected [true] but found [false]
	at SampleJune23.Trailone.tc14(Trailone.java:30)
... Removed 29 stack frames]]>
    </failure>
  </testcase> <!-- tc14 -->
</testsuite> <!-- Default test(failed) -->
