<?xml version="1.0" encoding="UTF-8"?>
<!-- Generated by org.testng.reporters.JUnitXMLReporter -->
<testsuite hostname="welcoe-PC" name="Test" tests="10" failures="1" timestamp="26 Jun 2021 04:50:02 GMT" time="0.29" errors="0">
  <testcase name="tc10" time="0.043" classname="SampleJune25.Trailone"/>
  <testcase name="tc11" time="0.007" classname="SampleJune25.Trailone"/>
  <testcase name="tc12" time="0.006" classname="SampleJune25.Trailone"/>
  <testcase name="tc13" time="0.005" classname="SampleJune25.Trailone"/>
  <testcase name="tc14" time="0.039" classname="SampleJune25.Trailone">
    <skipped/>
  </testcase> <!-- tc14 -->
  <testcase name="tc14" time="0.002" classname="SampleJune25.Trailone">
    <skipped/>
  </testcase> <!-- tc14 -->
  <testcase name="tc14" time="0.008" classname="SampleJune25.Trailone">
    <skipped/>
  </testcase> <!-- tc14 -->
  <testcase name="tc14" time="0.005" classname="SampleJune25.Trailone">
    <skipped/>
  </testcase> <!-- tc14 -->
  <testcase name="tc14" time="0.001" classname="SampleJune25.Trailone">
    <skipped/>
  </testcase> <!-- tc14 -->
  <testcase name="tc14" time="0.002" classname="SampleJune25.Trailone">
    <failure type="java.lang.AssertionError" message="expected [true] but found [false]">
      <![CDATA[java.lang.AssertionError: expected [true] but found [false]
	at SampleJune25.Trailone.tc14(Trailone.java:30)
... Removed 29 stack frames]]>
    </failure>
  </testcase> <!-- tc14 -->
</testsuite> <!-- Test -->
